obj\Release\netstandard2.1\blazor\linker\Admin.Client.dll
obj\Release\netstandard2.1\blazor\linker\Admin.Shared.dll
obj\Release\netstandard2.1\blazor\linker\Google.Api.CommonProtos.dll
obj\Release\netstandard2.1\blazor\linker\Google.Api.Gax.dll
obj\Release\netstandard2.1\blazor\linker\Google.Api.Gax.Grpc.dll
obj\Release\netstandard2.1\blazor\linker\Google.Api.Gax.Grpc.GrpcCore.dll
obj\Release\netstandard2.1\blazor\linker\Google.Apis.Auth.dll
obj\Release\netstandard2.1\blazor\linker\Google.Apis.Auth.PlatformServices.dll
obj\Release\netstandard2.1\blazor\linker\Google.Apis.Core.dll
obj\Release\netstandard2.1\blazor\linker\Google.Apis.dll
obj\Release\netstandard2.1\blazor\linker\Google.Cloud.Firestore.dll
obj\Release\netstandard2.1\blazor\linker\Google.Cloud.Firestore.V1.dll
obj\Release\netstandard2.1\blazor\linker\Google.LongRunning.dll
obj\Release\netstandard2.1\blazor\linker\Google.Protobuf.dll
obj\Release\netstandard2.1\blazor\linker\Grpc.Auth.dll
obj\Release\netstandard2.1\blazor\linker\Grpc.Core.Api.dll
obj\Release\netstandard2.1\blazor\linker\Grpc.Core.dll
obj\Release\netstandard2.1\blazor\linker\Microsoft.AspNetCore.Components.dll
obj\Release\netstandard2.1\blazor\linker\Microsoft.AspNetCore.Components.Forms.dll
obj\Release\netstandard2.1\blazor\linker\Microsoft.AspNetCore.Components.Web.dll
obj\Release\netstandard2.1\blazor\linker\Microsoft.AspNetCore.Components.WebAssembly.dll
obj\Release\netstandard2.1\blazor\linker\Microsoft.Bcl.AsyncInterfaces.dll
obj\Release\netstandard2.1\blazor\linker\Microsoft.Extensions.Configuration.Abstractions.dll
obj\Release\netstandard2.1\blazor\linker\Microsoft.Extensions.Configuration.dll
obj\Release\netstandard2.1\blazor\linker\Microsoft.Extensions.Configuration.Json.dll
obj\Release\netstandard2.1\blazor\linker\Microsoft.Extensions.DependencyInjection.Abstractions.dll
obj\Release\netstandard2.1\blazor\linker\Microsoft.Extensions.DependencyInjection.dll
obj\Release\netstandard2.1\blazor\linker\Microsoft.Extensions.Logging.Abstractions.dll
obj\Release\netstandard2.1\blazor\linker\Microsoft.Extensions.Logging.dll
obj\Release\netstandard2.1\blazor\linker\Microsoft.Extensions.Options.dll
obj\Release\netstandard2.1\blazor\linker\Microsoft.Extensions.Primitives.dll
obj\Release\netstandard2.1\blazor\linker\Microsoft.JSInterop.dll
obj\Release\netstandard2.1\blazor\linker\Microsoft.JSInterop.WebAssembly.dll
obj\Release\netstandard2.1\blazor\linker\Mono.Security.dll
obj\Release\netstandard2.1\blazor\linker\mscorlib.dll
obj\Release\netstandard2.1\blazor\linker\Newtonsoft.Json.dll
obj\Release\netstandard2.1\blazor\linker\System.Collections.Immutable.dll
obj\Release\netstandard2.1\blazor\linker\System.ComponentModel.DataAnnotations.dll
obj\Release\netstandard2.1\blazor\linker\System.Core.dll
obj\Release\netstandard2.1\blazor\linker\System.Data.dll
obj\Release\netstandard2.1\blazor\linker\System.dll
obj\Release\netstandard2.1\blazor\linker\System.Linq.Async.dll
obj\Release\netstandard2.1\blazor\linker\System.Net.Http.dll
obj\Release\netstandard2.1\blazor\linker\System.Net.Http.Json.dll
obj\Release\netstandard2.1\blazor\linker\System.Net.Http.WebAssemblyHttpHandler.dll
obj\Release\netstandard2.1\blazor\linker\System.Numerics.dll
obj\Release\netstandard2.1\blazor\linker\System.Runtime.CompilerServices.Unsafe.dll
obj\Release\netstandard2.1\blazor\linker\System.Runtime.Serialization.dll
obj\Release\netstandard2.1\blazor\linker\System.Text.Encodings.Web.dll
obj\Release\netstandard2.1\blazor\linker\System.Text.Json.dll
obj\Release\netstandard2.1\blazor\linker\System.Xml.dll
obj\Release\netstandard2.1\blazor\linker\System.Xml.Linq.dll
obj\Release\netstandard2.1\blazor\linker\WebAssembly.Bindings.dll
obj\Release\netstandard2.1\blazor\linker\Admin.Client.pdb
obj\Release\netstandard2.1\blazor\linker\Admin.Shared.pdb
obj\Release\netstandard2.1\blazor\linker\Google.Api.CommonProtos.pdb
obj\Release\netstandard2.1\blazor\linker\Google.Api.Gax.Grpc.GrpcCore.pdb
obj\Release\netstandard2.1\blazor\linker\Google.Api.Gax.Grpc.pdb
obj\Release\netstandard2.1\blazor\linker\Google.Api.Gax.pdb
obj\Release\netstandard2.1\blazor\linker\Google.Apis.Auth.pdb
obj\Release\netstandard2.1\blazor\linker\Google.Apis.Core.pdb
obj\Release\netstandard2.1\blazor\linker\Google.Apis.pdb
obj\Release\netstandard2.1\blazor\linker\Google.Cloud.Firestore.pdb
obj\Release\netstandard2.1\blazor\linker\Google.Cloud.Firestore.V1.pdb
obj\Release\netstandard2.1\blazor\linker\Google.LongRunning.pdb
obj\Release\netstandard2.1\blazor\linker\Google.Protobuf.pdb
obj\Release\netstandard2.1\blazor\linker\Grpc.Auth.pdb
obj\Release\netstandard2.1\blazor\linker\Grpc.Core.Api.pdb
obj\Release\netstandard2.1\blazor\linker\Grpc.Core.pdb
