obj\Debug\netstandard2.1\blazor\unlinked\Admin.Client.dll
obj\Debug\netstandard2.1\blazor\unlinked\System.Text.Json.dll
obj\Debug\netstandard2.1\blazor\unlinked\System.Runtime.CompilerServices.Unsafe.dll
obj\Debug\netstandard2.1\blazor\unlinked\mscorlib.dll
obj\Debug\netstandard2.1\blazor\unlinked\System.Buffers.dll
obj\Debug\netstandard2.1\blazor\unlinked\Microsoft.Bcl.AsyncInterfaces.dll
obj\Debug\netstandard2.1\blazor\unlinked\netstandard.dll
obj\Debug\netstandard2.1\blazor\unlinked\System.Xml.Linq.dll
obj\Debug\netstandard2.1\blazor\unlinked\System.Core.dll
obj\Debug\netstandard2.1\blazor\unlinked\System.dll
obj\Debug\netstandard2.1\blazor\unlinked\WebAssembly.Net.WebSockets.dll
obj\Debug\netstandard2.1\blazor\unlinked\System.Memory.dll
obj\Debug\netstandard2.1\blazor\unlinked\WebAssembly.Bindings.dll
obj\Debug\netstandard2.1\blazor\unlinked\System.Numerics.dll
obj\Debug\netstandard2.1\blazor\unlinked\System.Xml.dll
obj\Debug\netstandard2.1\blazor\unlinked\Mono.Security.dll
obj\Debug\netstandard2.1\blazor\unlinked\System.Transactions.dll
obj\Debug\netstandard2.1\blazor\unlinked\System.Runtime.Serialization.dll
obj\Debug\netstandard2.1\blazor\unlinked\System.ServiceModel.Internals.dll
obj\Debug\netstandard2.1\blazor\unlinked\System.Net.Http.dll
obj\Debug\netstandard2.1\blazor\unlinked\System.Net.Http.WebAssemblyHttpHandler.dll
obj\Debug\netstandard2.1\blazor\unlinked\System.ComponentModel.Composition.dll
obj\Debug\netstandard2.1\blazor\unlinked\System.IO.Compression.FileSystem.dll
obj\Debug\netstandard2.1\blazor\unlinked\System.IO.Compression.dll
obj\Debug\netstandard2.1\blazor\unlinked\System.Drawing.Common.dll
obj\Debug\netstandard2.1\blazor\unlinked\System.Data.DataSetExtensions.dll
obj\Debug\netstandard2.1\blazor\unlinked\System.Data.dll
obj\Debug\netstandard2.1\blazor\unlinked\System.Threading.Tasks.Extensions.dll
obj\Debug\netstandard2.1\blazor\unlinked\System.Numerics.Vectors.dll
obj\Debug\netstandard2.1\blazor\unlinked\System.Text.Encodings.Web.dll
obj\Debug\netstandard2.1\blazor\unlinked\System.Net.Http.Json.dll
obj\Debug\netstandard2.1\blazor\unlinked\Microsoft.Extensions.DependencyInjection.Abstractions.dll
obj\Debug\netstandard2.1\blazor\unlinked\Microsoft.AspNetCore.Components.Web.dll
obj\Debug\netstandard2.1\blazor\unlinked\Microsoft.AspNetCore.Components.Forms.dll
obj\Debug\netstandard2.1\blazor\unlinked\System.ComponentModel.Annotations.dll
obj\Debug\netstandard2.1\blazor\unlinked\System.ComponentModel.DataAnnotations.dll
obj\Debug\netstandard2.1\blazor\unlinked\Microsoft.AspNetCore.Components.dll
obj\Debug\netstandard2.1\blazor\unlinked\Microsoft.Extensions.Logging.Abstractions.dll
obj\Debug\netstandard2.1\blazor\unlinked\Admin.Shared.dll
obj\Debug\netstandard2.1\blazor\unlinked\Google.Cloud.Firestore.dll
obj\Debug\netstandard2.1\blazor\unlinked\System.Linq.Async.dll
obj\Debug\netstandard2.1\blazor\unlinked\Google.Api.CommonProtos.dll
obj\Debug\netstandard2.1\blazor\unlinked\Google.Protobuf.dll
obj\Debug\netstandard2.1\blazor\unlinked\Google.Api.Gax.dll
obj\Debug\netstandard2.1\blazor\unlinked\Newtonsoft.Json.dll
obj\Debug\netstandard2.1\blazor\unlinked\Grpc.Core.Api.dll
obj\Debug\netstandard2.1\blazor\unlinked\Google.Api.Gax.Grpc.dll
obj\Debug\netstandard2.1\blazor\unlinked\Grpc.Auth.dll
obj\Debug\netstandard2.1\blazor\unlinked\Google.Apis.Auth.dll
obj\Debug\netstandard2.1\blazor\unlinked\Google.Apis.dll
obj\Debug\netstandard2.1\blazor\unlinked\Google.Apis.Core.dll
obj\Debug\netstandard2.1\blazor\unlinked\System.Collections.Immutable.dll
obj\Debug\netstandard2.1\blazor\unlinked\Google.Cloud.Firestore.V1.dll
obj\Debug\netstandard2.1\blazor\unlinked\Google.Api.Gax.Grpc.GrpcCore.dll
obj\Debug\netstandard2.1\blazor\unlinked\Grpc.Core.dll
obj\Debug\netstandard2.1\blazor\unlinked\Microsoft.AspNetCore.Components.WebAssembly.dll
obj\Debug\netstandard2.1\blazor\unlinked\Microsoft.Extensions.DependencyInjection.dll
obj\Debug\netstandard2.1\blazor\unlinked\Microsoft.Extensions.Primitives.dll
obj\Debug\netstandard2.1\blazor\unlinked\Microsoft.Extensions.Configuration.dll
obj\Debug\netstandard2.1\blazor\unlinked\Microsoft.Extensions.Configuration.Abstractions.dll
obj\Debug\netstandard2.1\blazor\unlinked\Microsoft.Extensions.Configuration.Json.dll
obj\Debug\netstandard2.1\blazor\unlinked\Microsoft.Extensions.Configuration.FileExtensions.dll
obj\Debug\netstandard2.1\blazor\unlinked\Microsoft.Extensions.FileProviders.Physical.dll
obj\Debug\netstandard2.1\blazor\unlinked\Microsoft.Extensions.FileSystemGlobbing.dll
obj\Debug\netstandard2.1\blazor\unlinked\Microsoft.Extensions.FileProviders.Abstractions.dll
obj\Debug\netstandard2.1\blazor\unlinked\Microsoft.Extensions.Logging.dll
obj\Debug\netstandard2.1\blazor\unlinked\Microsoft.Extensions.Options.dll
obj\Debug\netstandard2.1\blazor\unlinked\Microsoft.JSInterop.dll
obj\Debug\netstandard2.1\blazor\unlinked\Microsoft.JSInterop.WebAssembly.dll
obj\Debug\netstandard2.1\blazor\unlinked\Admin.Client.pdb
obj\Debug\netstandard2.1\blazor\unlinked\Admin.Shared.pdb
obj\Debug\netstandard2.1\blazor\unlinked\Google.Cloud.Firestore.pdb
obj\Debug\netstandard2.1\blazor\unlinked\Google.Api.CommonProtos.pdb
obj\Debug\netstandard2.1\blazor\unlinked\Google.Protobuf.pdb
obj\Debug\netstandard2.1\blazor\unlinked\Google.Api.Gax.pdb
obj\Debug\netstandard2.1\blazor\unlinked\Grpc.Core.Api.pdb
obj\Debug\netstandard2.1\blazor\unlinked\Google.Api.Gax.Grpc.pdb
obj\Debug\netstandard2.1\blazor\unlinked\Grpc.Auth.pdb
obj\Debug\netstandard2.1\blazor\unlinked\Google.Apis.Auth.pdb
obj\Debug\netstandard2.1\blazor\unlinked\Google.Apis.pdb
obj\Debug\netstandard2.1\blazor\unlinked\Google.Apis.Core.pdb
obj\Debug\netstandard2.1\blazor\unlinked\Google.Cloud.Firestore.V1.pdb
obj\Debug\netstandard2.1\blazor\unlinked\Google.Api.Gax.Grpc.GrpcCore.pdb
obj\Debug\netstandard2.1\blazor\unlinked\Grpc.Core.pdb
